<?xml version="1.0" encoding="UTF-8"?>
<!-- Generated by org.testng.reporters.JUnitReportReporter -->
<testsuite hostname="Nikunj-PC" name="automationFramework.TestNg" tests="1" failures="0" timestamp="30 Aug 2015 17:14:02 GMT" time="34.929" errors="0">
  <testcase name="main" time="34.929" classname="automationFramework.TestNg"/>
</testsuite> <!-- automationFramework.TestNg -->
